# JRE version: OpenJDK Runtime Environment (24.0.1+9) (build 24.0.1+9-30)
# Java VM: OpenJDK 64-Bit Server VM (24.0.1+9-30, mixed mode, sharing, tiered, compressed oops, compressed class ptrs, g1 gc, bsd-aarch64)
GC Precious Log:
 CardTable entry size: 512
 Card Set container configuration: InlinePtr #cards 4 size 8 Array Of Cards #cards 16 size 48 Howl #buckets 8 coarsen threshold 3686 Howl Bitmap #cards 512 size 80 coarsen threshold 460 Card regions per heap region 1 cards per card region 4096
 CPUs: 8 total, 8 available
 Memory: 16384M
 Large Page Support: Disabled
 NUMA Support: Disabled
 Compressed Oops: Enabled (Zero based)
 Heap Region Size: 2M
 Heap Min Capacity: 8M
 Heap Initial Capacity: 256M
 Heap Max Capacity: 4G
 Pre-touch: Disabled
 Parallel Workers: 8
 Concurrent Workers: 2
 Concurrent Refinement Workers: 8
 Periodic GC: Disabled
Heap:
 garbage-first heap   total reserved 4194304K, committed 245760K, used 78677K [0x00000004d5000000, 0x00000005d5000000)
  region size 2048K, 5 young (10240K), 2 survivors (4096K)
 Metaspace       used 30513K, committed 30848K, reserved 1114112K
  class space    used 3130K, committed 3264K, reserved 1048576K
GC Heap History (20 events):
Event: 50.889 GC heap before
{Heap before GC invocations=31 (full 0):
 garbage-first heap   total reserved 4194304K, committed 81920K, used 42841K [0x00000004d5000000, 0x00000005d5000000)
  region size 2048K, 4 young (8192K), 3 survivors (6144K)
 Metaspace       used 30350K, committed 30656K, reserved 1114112K
  class space    used 3130K, committed 3264K, reserved 1048576K
}
Event: 50.889 GC heap after
{Heap after GC invocations=32 (full 0):
 garbage-first heap   total reserved 4194304K, committed 245760K, used 40785K [0x00000004d5000000, 0x00000005d5000000)
  region size 2048K, 3 young (6144K), 3 survivors (6144K)
 Metaspace       used 30350K, committed 30656K, reserved 1114112K
  class space    used 3130K, committed 3264K, reserved 1048576K
}
Event: 52.091 GC heap before
{Heap before GC invocations=32 (full 0):
 garbage-first heap   total reserved 4194304K, committed 245760K, used 180049K [0x00000004d5000000, 0x00000005d5000000)
  region size 2048K, 37 young (75776K), 3 survivors (6144K)
 Metaspace       used 30416K, committed 30720K, reserved 1114112K
  class space    used 3130K, committed 3264K, reserved 1048576K
}
Event: 52.093 GC heap after
{Heap after GC invocations=33 (full 0):
 garbage-first heap   total reserved 4194304K, committed 245760K, used 76651K [0x00000004d5000000, 0x00000005d5000000)
  region size 2048K, 2 young (4096K), 2 survivors (4096K)
 Metaspace       used 30416K, committed 30720K, reserved 1114112K
  class space    used 3130K, committed 3264K, reserved 1048576K
}
Event: 52.690 GC heap before
{Heap before GC invocations=33 (full 0):
 garbage-first heap   total reserved 4194304K, committed 245760K, used 168811K [0x00000004d5000000, 0x00000005d5000000)
  region size 2048K, 31 young (63488K), 2 survivors (4096K)
 Metaspace       used 30427K, committed 30720K, reserved 1114112K
  class space    used 3130K, committed 3264K, reserved 1048576K
}
Event: 52.691 GC heap after
{Heap after GC invocations=34 (full 0):
 garbage-first heap   total reserved 4194304K, committed 245760K, used 60433K [0x00000004d5000000, 0x00000005d5000000)
  region size 2048K, 4 young (8192K), 4 survivors (8192K)
 Metaspace       used 30427K, committed 30720K, reserved 1114112K
  class space    used 3130K, committed 3264K, reserved 1048576K
}
Event: 53.622 GC heap before
{Heap before GC invocations=34 (full 0):
 garbage-first heap   total reserved 4194304K, committed 245760K, used 187409K [0x00000004d5000000, 0x00000005d5000000)
  region size 2048K, 41 young (83968K), 4 survivors (8192K)
 Metaspace       used 30450K, committed 30720K, reserved 1114112K
  class space    used 3130K, committed 3264K, reserved 1048576K
}
Event: 53.624 GC heap after
{Heap after GC invocations=35 (full 0):
 garbage-first heap   total reserved 4194304K, committed 245760K, used 66377K [0x00000004d5000000, 0x00000005d5000000)
  region size 2048K, 2 young (4096K), 2 survivors (4096K)
 Metaspace       used 30450K, committed 30720K, reserved 1114112K
  class space    used 3130K, committed 3264K, reserved 1048576K
}
Event: 54.356 GC heap before
{Heap before GC invocations=35 (full 0):
 garbage-first heap   total reserved 4194304K, committed 245760K, used 172873K [0x00000004d5000000, 0x00000005d5000000)
  region size 2048K, 33 young (67584K), 2 survivors (4096K)
 Metaspace       used 30453K, committed 30720K, reserved 1114112K
  class space    used 3130K, committed 3264K, reserved 1048576K
}
Event: 54.357 GC heap after
{Heap after GC invocations=36 (full 0):
 garbage-first heap   total reserved 4194304K, committed 245760K, used 62273K [0x00000004d5000000, 0x00000005d5000000)
  region size 2048K, 2 young (4096K), 2 survivors (4096K)
 Metaspace       used 30453K, committed 30720K, reserved 1114112K
  class space    used 3130K, committed 3264K, reserved 1048576K
}
Event: 55.219 GC heap before
{Heap before GC invocations=36 (full 0):
 garbage-first heap   total reserved 4194304K, committed 245760K, used 189249K [0x00000004d5000000, 0x00000005d5000000)
  region size 2048K, 41 young (83968K), 2 survivors (4096K)
 Metaspace       used 30505K, committed 30848K, reserved 1114112K
  class space    used 3130K, committed 3264K, reserved 1048576K
}
Event: 55.220 GC heap after
{Heap after GC invocations=37 (full 0):
 garbage-first heap   total reserved 4194304K, committed 245760K, used 64335K [0x00000004d5000000, 0x00000005d5000000)
  region size 2048K, 2 young (4096K), 2 survivors (4096K)
 Metaspace       used 30505K, committed 30848K, reserved 1114112K
  class space    used 3130K, committed 3264K, reserved 1048576K
}
Event: 56.019 GC heap before
{Heap before GC invocations=37 (full 0):
 garbage-first heap   total reserved 4194304K, committed 245760K, used 174927K [0x00000004d5000000, 0x00000005d5000000)
  region size 2048K, 34 young (69632K), 2 survivors (4096K)
 Metaspace       used 30509K, committed 30848K, reserved 1114112K
  class space    used 3130K, committed 3264K, reserved 1048576K
}
Event: 56.020 GC heap after
{Heap after GC invocations=38 (full 0):
 garbage-first heap   total reserved 4194304K, committed 245760K, used 62273K [0x00000004d5000000, 0x00000005d5000000)
  region size 2048K, 2 young (4096K), 2 survivors (4096K)
 Metaspace       used 30509K, committed 30848K, reserved 1114112K
  class space    used 3130K, committed 3264K, reserved 1048576K
}
Event: 56.820 GC heap before
{Heap before GC invocations=38 (full 0):
 garbage-first heap   total reserved 4194304K, committed 245760K, used 185153K [0x00000004d5000000, 0x00000005d5000000)
  region size 2048K, 39 young (79872K), 2 survivors (4096K)
 Metaspace       used 30509K, committed 30848K, reserved 1114112K
  class space    used 3130K, committed 3264K, reserved 1048576K
}
Event: 56.821 GC heap after
{Heap after GC invocations=39 (full 0):
 garbage-first heap   total reserved 4194304K, committed 245760K, used 64337K [0x00000004d5000000, 0x00000005d5000000)
  region size 2048K, 2 young (4096K), 2 survivors (4096K)
 Metaspace       used 30509K, committed 30848K, reserved 1114112K
  class space    used 3130K, committed 3264K, reserved 1048576K
}
Event: 57.618 GC heap before
{Heap before GC invocations=39 (full 0):
 garbage-first heap   total reserved 4194304K, committed 245760K, used 166737K [0x00000004d5000000, 0x00000005d5000000)
  region size 2048K, 30 young (61440K), 2 survivors (4096K)
 Metaspace       used 30510K, committed 30848K, reserved 1114112K
  class space    used 3130K, committed 3264K, reserved 1048576K
}
Event: 57.619 GC heap after
{Heap after GC invocations=40 (full 0):
 garbage-first heap   total reserved 4194304K, committed 245760K, used 64321K [0x00000004d5000000, 0x00000005d5000000)
  region size 2048K, 2 young (4096K), 2 survivors (4096K)
 Metaspace       used 30510K, committed 30848K, reserved 1114112K
  class space    used 3130K, committed 3264K, reserved 1048576K
}
Event: 58.421 GC heap before
{Heap before GC invocations=40 (full 0):
 garbage-first heap   total reserved 4194304K, committed 245760K, used 127809K [0x00000004d5000000, 0x00000005d5000000)
  region size 2048K, 10 young (20480K), 2 survivors (4096K)
 Metaspace       used 30510K, committed 30848K, reserved 1114112K
  class space    used 3130K, committed 3264K, reserved 1048576K
}
Event: 58.423 GC heap after
{Heap after GC invocations=41 (full 0):
 garbage-first heap   total reserved 4194304K, committed 245760K, used 64341K [0x00000004d5000000, 0x00000005d5000000)
  region size 2048K, 2 young (4096K), 2 survivors (4096K)
 Metaspace       used 30510K, committed 30848K, reserved 1114112K
  class space    used 3130K, committed 3264K, reserved 1048576K
}

